<?xml version="1.0" encoding="UTF-8" standalone="no"?>
<!DOCTYPE log SYSTEM "logger.dtd">
<log>
<record>
  <date>2017-12-22T17:04:42</date>
  <millis>1513962282133</millis>
  <sequence>0</sequence>
  <logger>org.uma.jmetal.util.JMetalLogger</logger>
  <level>INFO</level>
  <class>org.uma.jmetal.util.JMetalLogger</class>
  <method>configureLoggers</method>
  <thread>13</thread>
  <message>Loggers configured with null</message>
</record>
<record>
  <date>2017-12-22T17:04:42</date>
  <millis>1513962282220</millis>
  <sequence>1</sequence>
  <logger>org.uma.jmetal.util.JMetalLogger</logger>
  <level>INFO</level>
  <class>org.uma.jmetal.util.experiment.component.ExecuteAlgorithms</class>
  <method>run</method>
  <thread>13</thread>
  <message>ExecuteAlgorithms: Preparing output directory</message>
</record>
<record>
  <date>2017-12-22T17:04:42</date>
  <millis>1513962282232</millis>
  <sequence>2</sequence>
  <logger>org.uma.jmetal.util.JMetalLogger</logger>
  <level>INFO</level>
  <class>org.uma.jmetal.util.experiment.util.ExperimentAlgorithm</class>
  <method>runAlgorithm</method>
  <thread>13</thread>
  <message>Creating experimentBaseDirectory/AntiSpamStudy/data/NSGAII/AntiSpamFilterProblemForProfessionalMailbox</message>
</record>
<record>
  <date>2017-12-22T17:04:42</date>
  <millis>1513962282233</millis>
  <sequence>3</sequence>
  <logger>org.uma.jmetal.util.JMetalLogger</logger>
  <level>INFO</level>
  <class>org.uma.jmetal.util.experiment.util.ExperimentAlgorithm</class>
  <method>runAlgorithm</method>
  <thread>13</thread>
  <message> Running algorithm: NSGAII, problem: AntiSpamFilterProblemForProfessionalMailbox, run: 0, funFile: experimentBaseDirectory/AntiSpamStudy/data/NSGAII/AntiSpamFilterProblemForProfessionalMailbox/FUN0.tsv</message>
</record>
<record>
  <date>2017-12-22T17:04:43</date>
  <millis>1513962283267</millis>
  <sequence>4</sequence>
  <logger>org.uma.jmetal.util.JMetalLogger</logger>
  <level>INFO</level>
  <class>org.uma.jmetal.util.experiment.util.ExperimentAlgorithm</class>
  <method>runAlgorithm</method>
  <thread>13</thread>
  <message> Running algorithm: NSGAII, problem: AntiSpamFilterProblemForProfessionalMailbox, run: 1, funFile: experimentBaseDirectory/AntiSpamStudy/data/NSGAII/AntiSpamFilterProblemForProfessionalMailbox/FUN1.tsv</message>
</record>
<record>
  <date>2017-12-22T17:04:43</date>
  <millis>1513962283917</millis>
  <sequence>5</sequence>
  <logger>org.uma.jmetal.util.JMetalLogger</logger>
  <level>INFO</level>
  <class>org.uma.jmetal.util.experiment.util.ExperimentAlgorithm</class>
  <method>runAlgorithm</method>
  <thread>13</thread>
  <message> Running algorithm: NSGAII, problem: AntiSpamFilterProblemForProfessionalMailbox, run: 2, funFile: experimentBaseDirectory/AntiSpamStudy/data/NSGAII/AntiSpamFilterProblemForProfessionalMailbox/FUN2.tsv</message>
</record>
<record>
  <date>2017-12-22T17:04:44</date>
  <millis>1513962284478</millis>
  <sequence>6</sequence>
  <logger>org.uma.jmetal.util.JMetalLogger</logger>
  <level>INFO</level>
  <class>org.uma.jmetal.util.experiment.util.ExperimentAlgorithm</class>
  <method>runAlgorithm</method>
  <thread>13</thread>
  <message> Running algorithm: NSGAII, problem: AntiSpamFilterProblemForProfessionalMailbox, run: 3, funFile: experimentBaseDirectory/AntiSpamStudy/data/NSGAII/AntiSpamFilterProblemForProfessionalMailbox/FUN3.tsv</message>
</record>
<record>
  <date>2017-12-22T17:04:44</date>
  <millis>1513962284925</millis>
  <sequence>7</sequence>
  <logger>org.uma.jmetal.util.JMetalLogger</logger>
  <level>INFO</level>
  <class>org.uma.jmetal.util.experiment.util.ExperimentAlgorithm</class>
  <method>runAlgorithm</method>
  <thread>13</thread>
  <message> Running algorithm: NSGAII, problem: AntiSpamFilterProblemForProfessionalMailbox, run: 4, funFile: experimentBaseDirectory/AntiSpamStudy/data/NSGAII/AntiSpamFilterProblemForProfessionalMailbox/FUN4.tsv</message>
</record>
<record>
  <date>2017-12-22T17:04:45</date>
  <millis>1513962285567</millis>
  <sequence>8</sequence>
  <logger>org.uma.jmetal.util.JMetalLogger</logger>
  <level>INFO</level>
  <class>org.uma.jmetal.util.experiment.component.ComputeQualityIndicators</class>
  <method>run</method>
  <thread>13</thread>
  <message>Computing indicator: HV</message>
</record>
<record>
  <date>2017-12-22T17:04:45</date>
  <millis>1513962285571</millis>
  <sequence>9</sequence>
  <logger>org.uma.jmetal.util.JMetalLogger</logger>
  <level>INFO</level>
  <class>org.uma.jmetal.util.experiment.component.ComputeQualityIndicators</class>
  <method>run</method>
  <thread>13</thread>
  <message>RF: experimentBaseDirectory/referenceFronts/AntiSpamFilterProblemForProfessionalMailbox.rf</message>
</record>
<record>
  <date>2017-12-22T17:04:45</date>
  <millis>1513962285583</millis>
  <sequence>10</sequence>
  <logger>org.uma.jmetal.util.JMetalLogger</logger>
  <level>INFO</level>
  <class>org.uma.jmetal.util.experiment.component.ComputeQualityIndicators</class>
  <method>resetFile</method>
  <thread>13</thread>
  <message>File experimentBaseDirectory/AntiSpamStudy/data/NSGAII/AntiSpamFilterProblemForProfessionalMailbox/HV does NOT exist.</message>
</record>
<record>
  <date>2017-12-22T17:04:45</date>
  <millis>1513962285588</millis>
  <sequence>11</sequence>
  <logger>org.uma.jmetal.util.JMetalLogger</logger>
  <level>INFO</level>
  <class>org.uma.jmetal.util.experiment.component.ComputeQualityIndicators</class>
  <method>run</method>
  <thread>13</thread>
  <message>HV: 0.36</message>
</record>
<record>
  <date>2017-12-22T17:04:45</date>
  <millis>1513962285595</millis>
  <sequence>12</sequence>
  <logger>org.uma.jmetal.util.JMetalLogger</logger>
  <level>INFO</level>
  <class>org.uma.jmetal.util.experiment.component.ComputeQualityIndicators</class>
  <method>run</method>
  <thread>13</thread>
  <message>HV: 0.11999999999999997</message>
</record>
<record>
  <date>2017-12-22T17:04:45</date>
  <millis>1513962285602</millis>
  <sequence>13</sequence>
  <logger>org.uma.jmetal.util.JMetalLogger</logger>
  <level>INFO</level>
  <class>org.uma.jmetal.util.experiment.component.ComputeQualityIndicators</class>
  <method>run</method>
  <thread>13</thread>
  <message>HV: 0.4800000000000001</message>
</record>
<record>
  <date>2017-12-22T17:04:45</date>
  <millis>1513962285604</millis>
  <sequence>14</sequence>
  <logger>org.uma.jmetal.util.JMetalLogger</logger>
  <level>INFO</level>
  <class>org.uma.jmetal.util.experiment.component.ComputeQualityIndicators</class>
  <method>run</method>
  <thread>13</thread>
  <message>HV: 0.12</message>
</record>
<record>
  <date>2017-12-22T17:04:45</date>
  <millis>1513962285607</millis>
  <sequence>15</sequence>
  <logger>org.uma.jmetal.util.JMetalLogger</logger>
  <level>INFO</level>
  <class>org.uma.jmetal.util.experiment.component.ComputeQualityIndicators</class>
  <method>run</method>
  <thread>13</thread>
  <message>HV: 0.24</message>
</record>
</log>
